<?xml version="1.0" encoding="UTF-8"?>
<!-- Generated by org.testng.reporters.JUnitReportReporter -->
<testsuite hostname="SATISH-PC" name="com.Interview.links.Alert" tests="1" failures="0" timestamp="12 Oct 2016 20:32:53 GMT" time="3.336" errors="0">
  <testcase name="acceptAlert" time="3.336" classname="com.Interview.links.Alert"/>
</testsuite> <!-- com.Interview.links.Alert -->
