<?xml version="1.0" encoding="UTF-8"?>
<!-- Generated by org.testng.reporters.JUnitReportReporter -->
<testsuite hostname="satishkumar-PC" name="com.selenium.classes.Registration" tests="4" failures="0" timestamp="13 Sep 2016 15:06:37 GMT" time="22.926" errors="0">
  <testcase name="radioButtonsIterator" time="0.260" classname="com.selenium.classes.Registration"/>
  <testcase name="countryIterator" time="15.603" classname="com.selenium.classes.Registration"/>
  <testcase name="registration" time="6.737" classname="com.selenium.classes.Registration"/>
  <testcase name="radioButtonsList" time="0.326" classname="com.selenium.classes.Registration"/>
</testsuite> <!-- com.selenium.classes.Registration -->
