<?xml version="1.0" encoding="UTF-8"?>
<!-- Generated by org.testng.reporters.JUnitReportReporter -->
<testsuite hostname="satishkumar-PC" name="com.Interview.links.MouseHover" tests="1" failures="0" timestamp="26 Aug 2016 15:12:16 GMT" time="23.850" errors="0">
  <testcase name="testMouseHover" time="23.850" classname="com.Interview.links.MouseHover"/>
</testsuite> <!-- com.Interview.links.MouseHover -->
