<?xml version="1.0" encoding="UTF-8"?>
<!-- Generated by org.testng.reporters.JUnitReportReporter -->
<testsuite hostname="satishkumar-PC" name="com.Interview.links.BrokenLinks" tests="1" failures="0" timestamp="9 Sep 2016 14:51:59 GMT" time="103.443" errors="0">
  <testcase name="countLinks" time="103.443" classname="com.Interview.links.BrokenLinks"/>
</testsuite> <!-- com.Interview.links.BrokenLinks -->
