<?xml version="1.0" encoding="UTF-8"?>
<!-- Generated by org.testng.reporters.JUnitReportReporter -->
<testsuite hostname="satishkumar-PC" name="selenium.grid.TestTemp" tests="1" failures="0" timestamp="9 Sep 2016 14:19:59 GMT" time="10.181" errors="0">
  <testcase name="test1" time="10.181" classname="selenium.grid.TestTemp"/>
</testsuite> <!-- selenium.grid.TestTemp -->
