<?xml version="1.0" encoding="UTF-8"?>
<!-- Generated by org.testng.reporters.JUnitReportReporter -->
<testsuite hostname="SATISH-PC" name="com.Interview.links.DropDownSelect" tests="1" failures="0" timestamp="12 Oct 2016 20:42:37 GMT" time="7.657" errors="0">
  <testcase name="dropDown" time="7.657" classname="com.Interview.links.DropDownSelect"/>
</testsuite> <!-- com.Interview.links.DropDownSelect -->
