<?xml version="1.0" encoding="UTF-8"?>
<!-- Generated by org.testng.reporters.JUnitReportReporter -->
<testsuite hostname="SATISH-PC" name="selenium.grid.TestFFoxOnGrid" tests="1" failures="0" timestamp="19 Oct 2016 14:45:29 GMT" time="12.492" errors="0">
  <testcase name="test1" time="12.492" classname="selenium.grid.TestFFoxOnGrid"/>
</testsuite> <!-- selenium.grid.TestFFoxOnGrid -->
