<?xml version="1.0" encoding="UTF-8"?>
<!-- Generated by org.testng.reporters.JUnitReportReporter -->
<testsuite hostname="satishkumar-PC" name="com.Interview.links.DropDownDiv" tests="1" failures="0" timestamp="17 Aug 2016 14:51:41 GMT" time="1.110" errors="0">
  <testcase name="divDrop" time="1.110" classname="com.Interview.links.DropDownDiv"/>
</testsuite> <!-- com.Interview.links.DropDownDiv -->
