<?xml version="1.0" encoding="UTF-8"?>
<!-- Generated by org.testng.reporters.JUnitReportReporter -->
<testsuite hostname="satishkumar-PC" name="com.Interview.links.DragAndDrop" tests="1" failures="0" timestamp="13 Aug 2016 11:28:44 GMT" time="26.414" errors="0">
  <testcase name="setup" time="26.414" classname="com.Interview.links.DragAndDrop"/>
</testsuite> <!-- com.Interview.links.DragAndDrop -->
