<?xml version="1.0" encoding="UTF-8"?>
<!-- Generated by org.testng.reporters.JUnitReportReporter -->
<testsuite hostname="SATISH-PC" name="com.Interview.links.PopupTestNaukari" tests="1" failures="0" timestamp="12 Oct 2016 20:50:16 GMT" time="1.244" errors="0">
  <testcase name="testPopup" time="1.244" classname="com.Interview.links.PopupTestNaukari"/>
</testsuite> <!-- com.Interview.links.PopupTestNaukari -->
